<?xml version="1.0" encoding="UTF-8"?>
<testng-results ignored="0" total="1" passed="1" failed="0" skipped="0">
  <reporter-output>
  </reporter-output>
  <suite started-at="2021-07-15T17:11:16 IST" name="Default suite" finished-at="2021-07-15T17:13:07 IST" duration-ms="111580">
    <groups>
    </groups>
    <test started-at="2021-07-15T17:11:16 IST" name="Default test" finished-at="2021-07-15T17:13:07 IST" duration-ms="111580">
      <class name="DataIngestors.test007AddAvtar">
        <test-method is-config="true" signature="beforeTest()[pri:0, instance:DataIngestors.test007AddAvtar@18ce0030]" started-at="2021-07-15T17:11:16 IST" name="beforeTest" finished-at="2021-07-15T17:11:28 IST" duration-ms="12071" status="PASS">
          <reporter-output>
          </reporter-output>
        </test-method> <!-- beforeTest -->
        <test-method signature="INNSIGHTLogin()[pri:0, instance:DataIngestors.test007AddAvtar@18ce0030]" started-at="2021-07-15T17:11:28 IST" name="INNSIGHTLogin" finished-at="2021-07-15T17:11:56 IST" duration-ms="27715" status="PASS">
          <reporter-output>
          </reporter-output>
        </test-method> <!-- INNSIGHTLogin -->
        <test-method is-config="true" signature="avatarcrawling()[pri:0, instance:DataIngestors.test007AddAvtar@18ce0030]" started-at="2021-07-15T17:11:56 IST" name="avatarcrawling" finished-at="2021-07-15T17:13:07 IST" duration-ms="71685" status="PASS">
          <reporter-output>
          </reporter-output>
        </test-method> <!-- avatarcrawling -->
      </class> <!-- DataIngestors.test007AddAvtar -->
    </test> <!-- Default test -->
  </suite> <!-- Default suite -->
</testng-results>
